<?xml version="1.0" encoding="UTF-8"?>
<!-- Generated by org.testng.reporters.JUnitXMLReporter -->
<testsuite ignored="0" hostname="Venkatesan" failures="1" tests="4" name="Logintest" time="99.616" errors="0" timestamp="2024-11-21T14:04:45 IST">
  <testcase classname="com.OrangeHRM.testcases.Logintest" name="TC001_logintest" time="49.891"/>
  <testcase classname="com.OrangeHRM.testcases.Producttest" name="TC02_ViewProduct" time="8.461"/>
  <testcase classname="com.OrangeHRM.testcases.SearchProduct" name="TC03_searchpdt" time="9.196">
    <failure type="java.lang.AssertionError" message="Product mismatched expected [null] but found [Blue Top]">
      <![CDATA[java.lang.AssertionError: Product mismatched expected [null] but found [Blue Top]
at com.OrangeHRM.testcases.SearchProduct.TC03_searchpdt(SearchProduct.java:45)
at java.base/java.util.ArrayList.forEach(ArrayList.java:1511)
... Removed 32 stack frames]]>
    </failure>
  </testcase> <!-- TC03_searchpdt -->
  <testcase classname="com.OrangeHRM.testcases.Addproduct" name="TC04_VerifyaddProduct" time="12.552"/>
</testsuite> <!-- Logintest -->
