<?xml version="1.0" encoding="UTF-8"?>
<!-- Generated by org.testng.reporters.JUnitXMLReporter -->
<testsuite ignored="0" hostname="Venkatesan" failures="0" tests="4" name="Testcode" time="100.647" errors="0" timestamp="2024-11-23T10:40:13 IST">
  <testcase classname="com.OrangeHRM.testcases.SearchProductAndAddProduct" name="TC05_SearchandAddpdt" time="27.511"/>
  <testcase classname="com.OrangeHRM.testcases.SearchProductAndAddProduct" name="TC05_SearchandAddpdt" time="18.102"/>
  <testcase classname="com.OrangeHRM.testcases.SearchProductAndAddProduct" name="TC05_SearchandAddpdt" time="17.144"/>
  <testcase classname="com.OrangeHRM.testcases.SearchProductAndAddProduct" name="TC05_SearchandAddpdt" time="19.83"/>
</testsuite> <!-- Testcode -->
