<?xml version="1.0" encoding="UTF-8"?>
<testng-results ignored="0" total="4" passed="4" failed="0" skipped="0">
  <reporter-output>
  </reporter-output>
  <suite started-at="2024-11-23T10:38:31 IST" name="SmokeTest" finished-at="2024-11-23T10:40:12 IST" duration-ms="100647">
    <groups>
    </groups>
    <test started-at="2024-11-23T10:38:31 IST" name="Testcode" finished-at="2024-11-23T10:40:12 IST" duration-ms="100647">
      <class name="com.OrangeHRM.testcases.SearchProductAndAddProduct">
        <test-method is-config="true" signature="launchapp()[pri:0, instance:com.OrangeHRM.testcases.SearchProductAndAddProduct@3a4ba480]" started-at="2024-11-23T10:38:32 IST" name="launchapp" finished-at="2024-11-23T10:38:38 IST" duration-ms="6404" status="PASS">
          <reporter-output>
          </reporter-output>
        </test-method> <!-- launchapp -->
        <test-method signature="TC05_SearchandAddpdt(java.lang.Object)[pri:0, instance:com.OrangeHRM.testcases.SearchProductAndAddProduct@3a4ba480]" started-at="2024-11-23T10:38:38 IST" name="TC05_SearchandAddpdt" data-provider="AddProduct" finished-at="2024-11-23T10:39:05 IST" duration-ms="27511" status="PASS">
          <params>
            <param index="0">
              <value>
                <![CDATA[{Product2price=Rs. 400, Pricelabel=cart_price, Email=vprsaran@gmail.com, Quantity=null, Productconfirmmsg=Your product has been added to cart., ProductTitle=Automation Exercise - All Products, Hometitle=Automation Exercise, Shoppingtitle=Automation Exercise - Checkout, Price=Rs. 500, Productname2=Men Tshirt, Total=null, Productname1=Blue Top, Password=Testing@123}]]>
              </value>
            </param>
          </params>
          <reporter-output>
          </reporter-output>
        </test-method> <!-- TC05_SearchandAddpdt -->
        <test-method is-config="true" signature="teardown()[pri:0, instance:com.OrangeHRM.testcases.SearchProductAndAddProduct@3a4ba480]" started-at="2024-11-23T10:39:05 IST" name="teardown" finished-at="2024-11-23T10:39:06 IST" duration-ms="672" status="PASS">
          <reporter-output>
          </reporter-output>
        </test-method> <!-- teardown -->
        <test-method is-config="true" signature="launchapp()[pri:0, instance:com.OrangeHRM.testcases.SearchProductAndAddProduct@3a4ba480]" started-at="2024-11-23T10:39:06 IST" name="launchapp" finished-at="2024-11-23T10:39:10 IST" duration-ms="4025" status="PASS">
          <reporter-output>
          </reporter-output>
        </test-method> <!-- launchapp -->
        <test-method signature="TC05_SearchandAddpdt(java.lang.Object)[pri:0, instance:com.OrangeHRM.testcases.SearchProductAndAddProduct@3a4ba480]" started-at="2024-11-23T10:39:10 IST" name="TC05_SearchandAddpdt" data-provider="AddProduct" finished-at="2024-11-23T10:39:28 IST" duration-ms="18102" status="PASS">
          <params>
            <param index="0">
              <value>
                <![CDATA[{Product2price=Rs. 700, Pricelabel=cart_price, Email=vprsaran@gmail.com, Quantity=null, Productconfirmmsg=Your product has been added to cart., ProductTitle=Automation Exercise - All Products, Hometitle=Automation Exercise, Shoppingtitle=Automation Exercise - Checkout, Price=Rs. 600, Productname2=Fancy Green Top, Total=null, Productname1=Winter Top, Password=Testing@123}]]>
              </value>
            </param>
          </params>
          <reporter-output>
          </reporter-output>
        </test-method> <!-- TC05_SearchandAddpdt -->
        <test-method is-config="true" signature="teardown()[pri:0, instance:com.OrangeHRM.testcases.SearchProductAndAddProduct@3a4ba480]" started-at="2024-11-23T10:39:28 IST" name="teardown" finished-at="2024-11-23T10:39:29 IST" duration-ms="690" status="PASS">
          <reporter-output>
          </reporter-output>
        </test-method> <!-- teardown -->
        <test-method is-config="true" signature="launchapp()[pri:0, instance:com.OrangeHRM.testcases.SearchProductAndAddProduct@3a4ba480]" started-at="2024-11-23T10:39:29 IST" name="launchapp" finished-at="2024-11-23T10:39:31 IST" duration-ms="2413" status="PASS">
          <reporter-output>
          </reporter-output>
        </test-method> <!-- launchapp -->
        <test-method signature="TC05_SearchandAddpdt(java.lang.Object)[pri:0, instance:com.OrangeHRM.testcases.SearchProductAndAddProduct@3a4ba480]" started-at="2024-11-23T10:39:31 IST" name="TC05_SearchandAddpdt" data-provider="AddProduct" finished-at="2024-11-23T10:39:49 IST" duration-ms="17144" status="PASS">
          <params>
            <param index="0">
              <value>
                <![CDATA[{Product2price=Rs. 278, Pricelabel=cart_price, Email=vprsaran@gmail.com, Quantity=null, Productconfirmmsg=Your product has been added to cart., ProductTitle=Automation Exercise - All Products, Hometitle=Automation Exercise, Shoppingtitle=Automation Exercise - Checkout, Price=Rs. 1000, Productname2=Frozen Tops For Kids, Total=null, Productname1=Madame Top For Women, Password=Testing@123}]]>
              </value>
            </param>
          </params>
          <reporter-output>
          </reporter-output>
        </test-method> <!-- TC05_SearchandAddpdt -->
        <test-method is-config="true" signature="teardown()[pri:0, instance:com.OrangeHRM.testcases.SearchProductAndAddProduct@3a4ba480]" started-at="2024-11-23T10:39:49 IST" name="teardown" finished-at="2024-11-23T10:39:49 IST" duration-ms="533" status="PASS">
          <reporter-output>
          </reporter-output>
        </test-method> <!-- teardown -->
        <test-method is-config="true" signature="launchapp()[pri:0, instance:com.OrangeHRM.testcases.SearchProductAndAddProduct@3a4ba480]" started-at="2024-11-23T10:39:49 IST" name="launchapp" finished-at="2024-11-23T10:39:51 IST" duration-ms="2247" status="PASS">
          <reporter-output>
          </reporter-output>
        </test-method> <!-- launchapp -->
        <test-method signature="TC05_SearchandAddpdt(java.lang.Object)[pri:0, instance:com.OrangeHRM.testcases.SearchProductAndAddProduct@3a4ba480]" started-at="2024-11-23T10:39:51 IST" name="TC05_SearchandAddpdt" data-provider="AddProduct" finished-at="2024-11-23T10:40:11 IST" duration-ms="19830" status="PASS">
          <params>
            <param index="0">
              <value>
                <![CDATA[{Product2price=Rs. 315, Pricelabel=cart_price, Email=vprsaran@gmail.com, Quantity=null, Productconfirmmsg=Your product has been added to cart., ProductTitle=Automation Exercise - All Products, Hometitle=Automation Exercise, Shoppingtitle=Automation Exercise - Checkout, Price=Rs. 400, Productname2=Printed Off Shoulder Top - White, Total=null, Productname1=Summer White Top, Password=Testing@123}]]>
              </value>
            </param>
          </params>
          <reporter-output>
          </reporter-output>
        </test-method> <!-- TC05_SearchandAddpdt -->
        <test-method is-config="true" signature="teardown()[pri:0, instance:com.OrangeHRM.testcases.SearchProductAndAddProduct@3a4ba480]" started-at="2024-11-23T10:40:11 IST" name="teardown" finished-at="2024-11-23T10:40:12 IST" duration-ms="697" status="PASS">
          <reporter-output>
          </reporter-output>
        </test-method> <!-- teardown -->
      </class> <!-- com.OrangeHRM.testcases.SearchProductAndAddProduct -->
    </test> <!-- Testcode -->
  </suite> <!-- SmokeTest -->
</testng-results>
